<?xml version="1.0" encoding="UTF-8"?>
<!-- Generated by org.testng.reporters.JUnitReportReporter -->
<testsuite hostname="LAPTOP-5MTDUPI2" failures="0" tests="7" name="numberrangesummarizer.NumberSummarizerTest" time="0.030" errors="0" timestamp="2023-04-28T17:58:43 SAST" skipped="0">
  <testcase classname="numberrangesummarizer.NumberSummarizerTest" name="listExtraCommasTest" time="0.002"/>
  <system-out/>
  <testcase classname="numberrangesummarizer.NumberSummarizerTest" name="consecutivePairTest" time="0.021"/>
  <system-out/>
  <testcase classname="numberrangesummarizer.NumberSummarizerTest" name="shortStringTest" time="0.001"/>
  <system-out/>
  <testcase classname="numberrangesummarizer.NumberSummarizerTest" name="listWithLettersTest" time="0.002"/>
  <system-out/>
  <testcase classname="numberrangesummarizer.NumberSummarizerTest" name="duplicateTest" time="0.002"/>
  <system-out/>
  <testcase classname="numberrangesummarizer.NumberSummarizerTest" name="listsWithSpacesTest" time="0.001"/>
  <system-out/>
  <testcase classname="numberrangesummarizer.NumberSummarizerTest" name="unorderedTest" time="0.001"/>
  <system-out/>
</testsuite> <!-- numberrangesummarizer.NumberSummarizerTest -->
